RongYunIMDemo/contactcard/build/outputs/logs/manifest-merger-debug-report.txt
-- Merging decision tree log ---
manifest
ADDED from src/main/AndroidManifest.xml:1:1-16:12
INJECTED from src/main/AndroidManifest.xml:1:1-16:12
INJECTED from src/main/AndroidManifest.xml:1:1-16:12
INJECTED from src/main/AndroidManifest.xml:1:1-16:12
INJECTED from src/main/AndroidManifest.xml:1:1-16:12
INJECTED from src/main/AndroidManifest.xml:1:1-16:12
INJECTED from src/main/AndroidManifest.xml:1:1-16:12
	package
		ADDED from src/main/AndroidManifest.xml:2:5-39
		INJECTED from src/main/AndroidManifest.xml
		INJECTED from src/main/AndroidManifest.xml
	android:versionName
		INJECTED from src/main/AndroidManifest.xml
		ADDED from src/main/AndroidManifest.xml:1:1-16:12
		INJECTED from src/main/AndroidManifest.xml
	android:versionCode
		INJECTED from src/main/AndroidManifest.xml
		ADDED from src/main/AndroidManifest.xml:1:1-16:12
		INJECTED from src/main/AndroidManifest.xml
	xmlns:android
		ADDED from src/main/AndroidManifest.xml:1:11-69
application
ADDED from src/main/AndroidManifest.xml:4:5-14:19
	android:supportsRtl
		ADDED from src/main/AndroidManifest.xml:6:9-35
	android:allowBackup
		ADDED from src/main/AndroidManifest.xml:5:9-35
activity#cn.rongcloud.contactcard.activities.ContactListActivity
ADDED from src/main/AndroidManifest.xml:7:9-10:59
	android:screenOrientation
		ADDED from src/main/AndroidManifest.xml:9:13-49
	android:windowSoftInputMode
		ADDED from src/main/AndroidManifest.xml:10:13-56
	android:name
		ADDED from src/main/AndroidManifest.xml:8:13-59
activity#cn.rongcloud.contactcard.activities.ContactDetailActivity
ADDED from src/main/AndroidManifest.xml:12:9-13:58
	android:theme
		ADDED from src/main/AndroidManifest.xml:13:13-56
	android:name
		ADDED from src/main/AndroidManifest.xml:12:19-67
uses-sdk
INJECTED from src/main/AndroidManifest.xml reason: use-sdk injection requested
INJECTED from src/main/AndroidManifest.xml
INJECTED from src/main/AndroidManifest.xml
INJECTED from src/main/AndroidManifest.xml
INJECTED from src/main/AndroidManifest.xml
	android:targetSdkVersion
		INJECTED from src/main/AndroidManifest.xml
		ADDED from src/main/AndroidManifest.xml
		INJECTED from src/main/AndroidManifest.xml
	android:minSdkVersion
		INJECTED from src/main/AndroidManifest.xml
		ADDED from src/main/AndroidManifest.xml
		INJECTED from src/main/AndroidManifest.xml